
> mariners-ai-grid@1.0.0 ios /Users/scottybe/workspace/mariners-ai-grid
> expo run:ios -- --device 'iPhone 16'

env: load .env
env: export EXPO_PUBLIC_MAPBOX_TOKEN RNMAPBOX_MAPS_DOWNLOAD_TOKEN
Unexpected devicectl JSON version output from devicectl. Connecting to physical Apple devices may not work as expected.
› Using --device 9F57A5D6-AEAB-4E6B-9BC8-5DE32BE267B7
› Searching builds with matching fingerprint on EAS servers
› Successfully downloaded cached build
Using custom binary path: /var/folders/b7/pfwxwwj52b904b30bk0tyyv80000gn/T/eas-cli-nodejs/eas-build-run-cache/dd3b8b54-8d49-43b1-bea7-669fd80e10c9_17e7e7a3-7105-4395-8db5-501f23b43c23.app
Starting Metro Bundler
Waiting on http://localhost:8081
› Installing /var/folders/b7/pfwxwwj52b904b30bk0tyyv80000gn/T/eas-cli-nodejs/eas-build-run-cache/dd3b8b54-8d49-43b1-bea7-669fd80e10c9_17e7e7a3-7105-4395-8db5-501f23b43c23.app
› Installing on iPhone 16
› Opening on iPhone 16 (com.thescottybe.marinersaigrid)
› Opening com.thescottybe.marinersaigrid://expo-development-client/?url=http%3A%2F%2F192.168.12.172%3A8081 on iPhone 16

› Logs for your project will appear below.
iOS Bundled 723ms index.ts (1383 modules)
 WARN  SafeAreaView has been deprecated and will be removed in a future release. Please use 'react-native-safe-area-context' instead. See https://github.com/th3rdwave/react-native-safe-area-context
 LOG  [SeedManager] Initialized with 0 seeds
 LOG  [Identity] Existing Shadow ID loaded: 382bafc7-b3cb-4774-a6f7-cf87b04a3828
 LOG  [RemoteConfig] Initializing...
 LOG  [RemoteConfig] Base flags loaded from app.config.js
 LOG  [RemoteConfig] Active Flags: {"experimentalSlicer": false, "nightWatch": false, "socialReporting": true}
 LOG  [App] Initializing op-sqlite (Zero Latency)...
 LOG  [VecDB] Mariner AI Grid Vector Engine: vv0.1.6
 LOG  [VecDB] Initialized successfully
 LOG  [VesselSnapshot] Initialized
 LOG  [GridSync] Initialized
 WARN  Background tasks are not supported on iOS simulators. Skipped registering task: MARINERS_GRID_SYNC.
 LOG  [GridSync] Background sync registered
 LOG  [Telemetry] Initializing with source: device
 LOG  Attempting connection to Signal K: ws://localhost:3000/signalk/v1/stream
 LOG  ⚓ Signal K Bridge Connection Closed
iOS ./index.ts ░░░░░░░░░░░░░░░░  0.0% (0/1)
iOS Bundled 35ms index.ts (1 module)
 WARN  SafeAreaView has been deprecated and will be removed in a future release. Please use 'react-native-safe-area-context' instead. See https://github.com/th3rdwave/react-native-safe-area-context
 LOG  [SeedManager] Created seed directory
 LOG  [SeedManager] Initialized with 0 seeds
 LOG  [Identity] New Shadow ID generated: dd0f3e9c-edee-48ef-bdc6-df7500beb732
 LOG  [Identity] Existing Shadow ID loaded: dd0f3e9c-edee-48ef-bdc6-df7500beb732
 LOG  [Analytics] onboarding_started 
 LOG  [SeedManager] Initialized with 0 seeds
iOS ./index.ts ░░░░░░░░░░░░░░░░  0.0% (0/1)
iOS Bundled 40ms index.ts (1 module)
 WARN  SafeAreaView has been deprecated and will be removed in a future release. Please use 'react-native-safe-area-context' instead. See https://github.com/th3rdwave/react-native-safe-area-context
 LOG  [SeedManager] Initialized with 0 seeds
 LOG  [Identity] Existing Shadow ID loaded: dd0f3e9c-edee-48ef-bdc6-df7500beb732
 LOG  [Analytics] onboarding_started 
 LOG  [SeedManager] Initialized with 0 seeds
 LOG  [Analytics] onboarding_complete {"bridgeStatus": "pending", "codeStatus": "pending", "seedStatus": "pending", "totalTime": 28320, "verifyStatus": "pending"}
 LOG  ⚓ First Watch Complete - Analytics Triggered
 LOG  [RemoteConfig] Initializing...
 LOG  [RemoteConfig] Base flags loaded from app.config.js
 LOG  [RemoteConfig] Active Flags: {"experimentalSlicer": false, "nightWatch": false, "socialReporting": true}
 LOG  [App] Initializing op-sqlite (Zero Latency)...
 LOG  [VecDB] Mariner AI Grid Vector Engine: vv0.1.6
 LOG  [VecDB] Initialized successfully
 LOG  Hazard fetch skipped: [Error: [op-sqlite] sqlite query error: no such table: marine_hazards]
 LOG  [VesselSnapshot] Initialized
 LOG  [GridSync] Initialized
 WARN  [GridSync] Failed to register background sync: [Error: Calling the 'registerTaskAsync' function has failed
→ Caused by: Background Task has not been configured. To enable it, add `process` to `UIBackgroundModes` in the application's Info.plist file]
 LOG  [Telemetry] Initializing with source: device
 LOG  Attempting connection to Signal K: ws://localhost:3000/signalk/v1/stream
 LOG  ⚓ Signal K Bridge Connection Closed
 LOG  ⚓ Signal K Bridge Connection Closed
iOS ./index.ts ░░░░░░░░░░░░░░░░  0.0% (0/1)
iOS Bundled 26ms index.ts (1 module)
 WARN  SafeAreaView has been deprecated and will be removed in a future release. Please use 'react-native-safe-area-context' instead. See https://github.com/th3rdwave/react-native-safe-area-context
 LOG  [SeedManager] Initialized with 0 seeds
 LOG  [Identity] Existing Shadow ID loaded: dd0f3e9c-edee-48ef-bdc6-df7500beb732
 LOG  [RemoteConfig] Initializing...
 LOG  [RemoteConfig] Base flags loaded from app.config.js
 LOG  [RemoteConfig] Active Flags: {"experimentalSlicer": false, "nightWatch": false, "socialReporting": true}
 LOG  [App] Initializing op-sqlite (Zero Latency)...
 LOG  [VecDB] Mariner AI Grid Vector Engine: vv0.1.6
 LOG  [VecDB] Initialized successfully
 LOG  [VesselSnapshot] Initialized
 LOG  [GridSync] Initialized
 WARN  [GridSync] Failed to register background sync: [Error: Calling the 'registerTaskAsync' function has failed
→ Caused by: Background Task has not been configured. To enable it, add `process` to `UIBackgroundModes` in the application's Info.plist file]
 LOG  [Telemetry] Initializing with source: device
 LOG  Attempting connection to Signal K: ws://localhost:3000/signalk/v1/stream
 LOG  ⚓ Signal K Bridge Connection Closed
 LOG  [SeedManager] Initialized with 0 seeds
 LOG  [SeedManager] No seeds found. Fetching "Home Slice" (McHenry/Chicago)...
 LOG  [SeedManager] Downloading seed: pacific_starter_v1.parquet
 WARN  [SeedManager] Failed to fetch Home Slice: [Error: Download failed with status 404]
 LOG  [SeedManager] Initialized with 0 seeds
 LOG  [SeedManager] No seeds found. Fetching "Home Slice" (McHenry/Chicago)...
 LOG  [SeedManager] Downloading seed: pacific_starter_v1.parquet
 WARN  [SeedManager] Failed to fetch Home Slice: [Error: Download failed with status 404]
 LOG  [SeedManager] Initialized with 0 seeds
 LOG  [RemoteConfig] Initializing...
 LOG  [RemoteConfig] Base flags loaded from app.config.js
 LOG  [RemoteConfig] Active Flags: {"experimentalSlicer": false, "nightWatch": false, "socialReporting": true}
 LOG  [App] Initializing op-sqlite (Zero Latency)...
 LOG  [SeedManager] No seeds found. Fetching "Home Slice" (McHenry/Chicago)...
 LOG  [SeedManager] Downloading seed: pacific_starter_v1.parquet
 LOG  [VecDB] Mariner AI Grid Vector Engine: vv0.1.6
 LOG  [VecDB] Initialized successfully
 LOG  [VesselSnapshot] Initialized
 LOG  [GridSync] Initialized
 WARN  [GridSync] Failed to register background sync: [Error: Calling the 'registerTaskAsync' function has failed
→ Caused by: Background Task has not been configured. To enable it, add `process` to `UIBackgroundModes` in the application's Info.plist file]
 LOG  [Telemetry] Initializing with source: device
 LOG  Attempting connection to Signal K: ws://localhost:3000/signalk/v1/stream
 WARN  [SeedManager] Failed to fetch Home Slice: [Error: Download failed with status 404]
 LOG  [SeedManager] Initialized with 0 seeds
 LOG  [SeedManager] No seeds found. Fetching "Home Slice" (McHenry/Chicago)...
 LOG  [SeedManager] Downloading seed: pacific_starter_v1.parquet
 WARN  [SeedManager] Failed to fetch Home Slice: [Error: Download failed with status 404]
 LOG  [SeedManager] Initialized with 0 seeds
 ERROR  [ReferenceError: Property 'View' doesn't exist]
 LOG  [RemoteConfig] Initializing...
 LOG  [RemoteConfig] Base flags loaded from app.config.js
 LOG  [RemoteConfig] Active Flags: {"experimentalSlicer": false, "nightWatch": false, "socialReporting": true}
 LOG  [App] Initializing op-sqlite (Zero Latency)...
 LOG  [SeedManager] No seeds found. Fetching "Home Slice" (McHenry/Chicago)...
 LOG  [SeedManager] Downloading seed: pacific_starter_v1.parquet
 LOG  [VecDB] Mariner AI Grid Vector Engine: vv0.1.6
 ERROR  [ReferenceError: Property 'View' doesn't exist]
 LOG  [VecDB] Initialized successfully
 LOG  [VesselSnapshot] Initialized
 LOG  [GridSync] Initialized
 WARN  [GridSync] Failed to register background sync: [Error: Calling the 'registerTaskAsync' function has failed
→ Caused by: Background Task has not been configured. To enable it, add `process` to `UIBackgroundModes` in the application's Info.plist file]
 LOG  [Telemetry] Initializing with source: device
 LOG  Attempting connection to Signal K: ws://localhost:3000/signalk/v1/stream
 LOG  ⚓ Signal K Bridge Connection Closed
 WARN  [SeedManager] Failed to fetch Home Slice: [Error: Download failed with status 404]
 LOG  [SeedManager] Initialized with 0 seeds
 LOG  ⚓ Signal K Bridge Connection Closed
 LOG  ⚓ Signal K Bridge Connection Closed
 LOG  ⚓ Signal K Bridge Connection Closed
 LOG  ⚓ Signal K Bridge Connection Closed
 LOG  [RemoteConfig] Initializing...
 LOG  [RemoteConfig] Base flags loaded from app.config.js
 LOG  [RemoteConfig] Active Flags: {"experimentalSlicer": false, "nightWatch": false, "socialReporting": true}
 LOG  [App] Initializing op-sqlite (Zero Latency)...
 LOG  [SeedManager] No seeds found. Fetching "Home Slice" (McHenry/Chicago)...
 LOG  [SeedManager] Downloading seed: pacific_starter_v1.parquet
 LOG  [VecDB] Mariner AI Grid Vector Engine: vv0.1.6
 LOG  [VecDB] Initialized successfully
 LOG  [VesselSnapshot] Initialized
 LOG  [GridSync] Initialized
 WARN  [GridSync] Failed to register background sync: [Error: Calling the 'registerTaskAsync' function has failed
→ Caused by: Background Task has not been configured. To enable it, add `process` to `UIBackgroundModes` in the application's Info.plist file]
 LOG  [Telemetry] Initializing with source: device
 LOG  Attempting connection to Signal K: ws://localhost:3000/signalk/v1/stream
 WARN  [SeedManager] Failed to fetch Home Slice: [Error: Download failed with status 404]
 LOG  [SeedManager] Initialized with 0 seeds
 LOG  ⚓ Signal K Bridge Connection Closed
 LOG  ⚓ Signal K Bridge Connection Closed
 LOG  [SeedManager] Downloading seed: pacific_starter_v1.parquet
 WARN  Seed download failed: [Error: Download failed with status 404]
 LOG  ⚓ Signal K Bridge Connection Closed
 LOG  [SeedManager] Downloading seed: pacific_starter_v1.parquet
 WARN  Seed download failed: [Error: Download failed with status 404]
 LOG  ⚓ Signal K Bridge Connection Closed
iOS ./index.ts ░░░░░░░░░░░░░░░░  0.0% (0/1)
iOS Bundled 33ms index.ts (1 module)
 WARN  SafeAreaView has been deprecated and will be removed in a future release. Please use 'react-native-safe-area-context' instead. See https://github.com/th3rdwave/react-native-safe-area-context
 LOG  [SeedManager] No seeds found. Fetching "Home Slice" (McHenry/Chicago)...
 LOG  [SeedManager] Downloading seed: pacific_starter_v1.parquet
 LOG  [Identity] Existing Shadow ID loaded: dd0f3e9c-edee-48ef-bdc6-df7500beb732
 LOG  [RemoteConfig] Initializing...
 LOG  [RemoteConfig] Base flags loaded from app.config.js
 LOG  [RemoteConfig] Active Flags: {"experimentalSlicer": false, "nightWatch": false, "socialReporting": true}
 LOG  [App] Initializing op-sqlite (Zero Latency)...
 LOG  [VecDB] Mariner AI Grid Vector Engine: vv0.1.6
 LOG  [VecDB] Initialized successfully
 LOG  [VesselSnapshot] Initialized
 LOG  [SeedManager] No seeds found. Fetching "Home Slice" (McHenry/Chicago)...
 LOG  [SeedManager] Downloading seed: pacific_starter_v1.parquet
 LOG  [GridSync] Initialized
 WARN  [GridSync] Failed to register background sync: [Error: Calling the 'registerTaskAsync' function has failed
→ Caused by: Background Task has not been configured. To enable it, add `process` to `UIBackgroundModes` in the application's Info.plist file]
 LOG  [Telemetry] Initializing with source: device
 LOG  Attempting connection to Signal K: ws://localhost:3000/signalk/v1/stream
 LOG  ⚓ Signal K Bridge Connection Closed
 WARN  [SeedManager] Failed to fetch Home Slice: [Error: Download failed with status 404]
 LOG  [SeedManager] Initialized with 0 seeds
 WARN  [SeedManager] Failed to fetch Home Slice: [Error: Download failed with status 404]
 LOG  [SeedManager] Initialized with 0 seeds
 LOG  [SeedManager] Downloading seed: pacific_starter_v1.parquet
 WARN  Seed download failed: [Error: Download failed with status 404]
 LOG  [SeedManager] Downloading seed: pacific_starter_v1.parquet
 WARN  Seed download failed: [Error: Download failed with status 404]
 LOG  [SeedManager] No seeds found. Fetching "Home Slice" (McHenry/Chicago)...
 LOG  [SeedManager] Downloading seed: pacific_starter_v1.parquet
 WARN  [SeedManager] Failed to fetch Home Slice: [Error: Download failed with status 404]
 LOG  [SeedManager] Initialized with 0 seeds
 LOG  [SeedManager] No seeds found. Fetching "Home Slice" (McHenry/Chicago)...
 LOG  [SeedManager] Downloading seed: pacific_starter_v1.parquet
 WARN  [SeedManager] Failed to fetch Home Slice: [Error: Download failed with status 404]
 LOG  [SeedManager] Initialized with 0 seeds
 LOG  [SeedManager] No seeds found. Fetching "Home Slice" (McHenry/Chicago)...
 LOG  [SeedManager] Downloading seed: pacific_starter_v1.parquet
 WARN  [SeedManager] Failed to fetch Home Slice: [Error: Download failed with status 404]
 LOG  [SeedManager] Initialized with 0 seeds
